Determining if the pthread_create exist failed with the following output:
Change Dir: /rabbitmq-c/CMakeFiles/CMakeTmp

Run Build Command:"/usr/bin/make" "cmTC_4c9e8/fast"
/usr/bin/make -f CMakeFiles/cmTC_4c9e8.dir/build.make CMakeFiles/cmTC_4c9e8.dir/build
make[1]: 디렉터리 '/rabbitmq-c/CMakeFiles/CMakeTmp' 들어감
Building C object CMakeFiles/cmTC_4c9e8.dir/CheckSymbolExists.c.o
/usr/bin/cc    -o CMakeFiles/cmTC_4c9e8.dir/CheckSymbolExists.c.o   -c /rabbitmq-c/CMakeFiles/CMakeTmp/CheckSymbolExists.c
Linking C executable cmTC_4c9e8
/usr/bin/cmake -E cmake_link_script CMakeFiles/cmTC_4c9e8.dir/link.txt --verbose=1
/usr/bin/cc      -rdynamic CMakeFiles/cmTC_4c9e8.dir/CheckSymbolExists.c.o  -o cmTC_4c9e8 
/usr/bin/ld: CMakeFiles/cmTC_4c9e8.dir/CheckSymbolExists.c.o: in function `main':
CheckSymbolExists.c:(.text+0x1b): undefined reference to `pthread_create'
collect2: error: ld returned 1 exit status
make[1]: *** [CMakeFiles/cmTC_4c9e8.dir/build.make:87: cmTC_4c9e8] 오류 1
make[1]: 디렉터리 '/rabbitmq-c/CMakeFiles/CMakeTmp' 나감
make: *** [Makefile:121: cmTC_4c9e8/fast] 오류 2

File /rabbitmq-c/CMakeFiles/CMakeTmp/CheckSymbolExists.c:
/* */
#include <pthread.h>

int main(int argc, char** argv)
{
  (void)argv;
#ifndef pthread_create
  return ((int*)(&pthread_create))[argc];
#else
  (void)argc;
  return 0;
#endif
}

Determining if the pthread_create exist failed with the following output:
Change Dir: /bxr_ploverpc/src/rabbitmq-c/CMakeFiles/CMakeTmp

Run Build Command:"/usr/bin/make" "cmTC_04db9/fast"
/usr/bin/make -f CMakeFiles/cmTC_04db9.dir/build.make CMakeFiles/cmTC_04db9.dir/build
make[1]: 디렉터리 '/bxr_ploverpc/src/rabbitmq-c/CMakeFiles/CMakeTmp' 들어감
Building C object CMakeFiles/cmTC_04db9.dir/CheckSymbolExists.c.o
/usr/bin/cc    -o CMakeFiles/cmTC_04db9.dir/CheckSymbolExists.c.o   -c /bxr_ploverpc/src/rabbitmq-c/CMakeFiles/CMakeTmp/CheckSymbolExists.c
Linking C executable cmTC_04db9
/usr/bin/cmake -E cmake_link_script CMakeFiles/cmTC_04db9.dir/link.txt --verbose=1
/usr/bin/cc      -rdynamic CMakeFiles/cmTC_04db9.dir/CheckSymbolExists.c.o  -o cmTC_04db9 
/usr/bin/ld: CMakeFiles/cmTC_04db9.dir/CheckSymbolExists.c.o: in function `main':
CheckSymbolExists.c:(.text+0x1b): undefined reference to `pthread_create'
collect2: error: ld returned 1 exit status
make[1]: *** [CMakeFiles/cmTC_04db9.dir/build.make:87: cmTC_04db9] 오류 1
make[1]: 디렉터리 '/bxr_ploverpc/src/rabbitmq-c/CMakeFiles/CMakeTmp' 나감
make: *** [Makefile:121: cmTC_04db9/fast] 오류 2

File /bxr_ploverpc/src/rabbitmq-c/CMakeFiles/CMakeTmp/CheckSymbolExists.c:
/* */
#include <pthread.h>

int main(int argc, char** argv)
{
  (void)argv;
#ifndef pthread_create
  return ((int*)(&pthread_create))[argc];
#else
  (void)argc;
  return 0;
#endif
}

