The system is: Linux - 4.19.0-5-amd64 - x86_64
Compiling the C compiler identification source file "CMakeCCompilerId.c" succeeded.
Compiler: /usr/bin/cc 
Build flags: 
Id flags:  

The output was:
0


Compilation of the C compiler identification source "CMakeCCompilerId.c" produced "a.out"

The C compiler identification is GNU, found in "/rabbitmq-c/CMakeFiles/3.13.4/CompilerIdC/a.out"

Determining if the C compiler works passed with the following output:
Change Dir: /rabbitmq-c/CMakeFiles/CMakeTmp

Run Build Command:"/usr/bin/make" "cmTC_a993f/fast"
/usr/bin/make -f CMakeFiles/cmTC_a993f.dir/build.make CMakeFiles/cmTC_a993f.dir/build
make[1]: 디렉터리 '/rabbitmq-c/CMakeFiles/CMakeTmp' 들어감
Building C object CMakeFiles/cmTC_a993f.dir/testCCompiler.c.o
/usr/bin/cc    -o CMakeFiles/cmTC_a993f.dir/testCCompiler.c.o   -c /rabbitmq-c/CMakeFiles/CMakeTmp/testCCompiler.c
Linking C executable cmTC_a993f
/usr/bin/cmake -E cmake_link_script CMakeFiles/cmTC_a993f.dir/link.txt --verbose=1
/usr/bin/cc      -rdynamic CMakeFiles/cmTC_a993f.dir/testCCompiler.c.o  -o cmTC_a993f 
make[1]: 디렉터리 '/rabbitmq-c/CMakeFiles/CMakeTmp' 나감


Detecting C compiler ABI info compiled with the following output:
Change Dir: /rabbitmq-c/CMakeFiles/CMakeTmp

Run Build Command:"/usr/bin/make" "cmTC_31501/fast"
/usr/bin/make -f CMakeFiles/cmTC_31501.dir/build.make CMakeFiles/cmTC_31501.dir/build
make[1]: 디렉터리 '/rabbitmq-c/CMakeFiles/CMakeTmp' 들어감
Building C object CMakeFiles/cmTC_31501.dir/CMakeCCompilerABI.c.o
/usr/bin/cc    -o CMakeFiles/cmTC_31501.dir/CMakeCCompilerABI.c.o   -c /usr/share/cmake-3.13/Modules/CMakeCCompilerABI.c
Linking C executable cmTC_31501
/usr/bin/cmake -E cmake_link_script CMakeFiles/cmTC_31501.dir/link.txt --verbose=1
/usr/bin/cc     -v -rdynamic CMakeFiles/cmTC_31501.dir/CMakeCCompilerABI.c.o  -o cmTC_31501 
Using built-in specs.
COLLECT_GCC=/usr/bin/cc
COLLECT_LTO_WRAPPER=/usr/lib/gcc/x86_64-linux-gnu/8/lto-wrapper
OFFLOAD_TARGET_NAMES=nvptx-none
OFFLOAD_TARGET_DEFAULT=1
Target: x86_64-linux-gnu
Configured with: ../src/configure -v --with-pkgversion='Debian 8.3.0-6' --with-bugurl=file:///usr/share/doc/gcc-8/README.Bugs --enable-languages=c,ada,c++,go,brig,d,fortran,objc,obj-c++ --prefix=/usr --with-gcc-major-version-only --program-suffix=-8 --program-prefix=x86_64-linux-gnu- --enable-shared --enable-linker-build-id --libexecdir=/usr/lib --without-included-gettext --enable-threads=posix --libdir=/usr/lib --enable-nls --enable-bootstrap --enable-clocale=gnu --enable-libstdcxx-debug --enable-libstdcxx-time=yes --with-default-libstdcxx-abi=new --enable-gnu-unique-object --disable-vtable-verify --enable-libmpx --enable-plugin --enable-default-pie --with-system-zlib --with-target-system-zlib --enable-objc-gc=auto --enable-multiarch --disable-werror --with-arch-32=i686 --with-abi=m64 --with-multilib-list=m32,m64,mx32 --enable-multilib --with-tune=generic --enable-offload-targets=nvptx-none --without-cuda-driver --enable-checking=release --build=x86_64-linux-gnu --host=x86_64-linux-gnu --target=x86_64-linux-gnu
Thread model: posix
gcc version 8.3.0 (Debian 8.3.0-6) 
COMPILER_PATH=/usr/lib/gcc/x86_64-linux-gnu/8/:/usr/lib/gcc/x86_64-linux-gnu/8/:/usr/lib/gcc/x86_64-linux-gnu/:/usr/lib/gcc/x86_64-linux-gnu/8/:/usr/lib/gcc/x86_64-linux-gnu/
LIBRARY_PATH=/usr/lib/gcc/x86_64-linux-gnu/8/:/usr/lib/gcc/x86_64-linux-gnu/8/../../../x86_64-linux-gnu/:/usr/lib/gcc/x86_64-linux-gnu/8/../../../../lib/:/lib/x86_64-linux-gnu/:/lib/../lib/:/usr/lib/x86_64-linux-gnu/:/usr/lib/../lib/:/usr/lib/gcc/x86_64-linux-gnu/8/../../../:/lib/:/usr/lib/
COLLECT_GCC_OPTIONS='-v' '-rdynamic' '-o' 'cmTC_31501' '-mtune=generic' '-march=x86-64'
 /usr/lib/gcc/x86_64-linux-gnu/8/collect2 -plugin /usr/lib/gcc/x86_64-linux-gnu/8/liblto_plugin.so -plugin-opt=/usr/lib/gcc/x86_64-linux-gnu/8/lto-wrapper -plugin-opt=-fresolution=/tmp/cceO4lux.res -plugin-opt=-pass-through=-lgcc -plugin-opt=-pass-through=-lgcc_s -plugin-opt=-pass-through=-lc -plugin-opt=-pass-through=-lgcc -plugin-opt=-pass-through=-lgcc_s --build-id --eh-frame-hdr -m elf_x86_64 --hash-style=gnu -export-dynamic -dynamic-linker /lib64/ld-linux-x86-64.so.2 -pie -o cmTC_31501 /usr/lib/gcc/x86_64-linux-gnu/8/../../../x86_64-linux-gnu/Scrt1.o /usr/lib/gcc/x86_64-linux-gnu/8/../../../x86_64-linux-gnu/crti.o /usr/lib/gcc/x86_64-linux-gnu/8/crtbeginS.o -L/usr/lib/gcc/x86_64-linux-gnu/8 -L/usr/lib/gcc/x86_64-linux-gnu/8/../../../x86_64-linux-gnu -L/usr/lib/gcc/x86_64-linux-gnu/8/../../../../lib -L/lib/x86_64-linux-gnu -L/lib/../lib -L/usr/lib/x86_64-linux-gnu -L/usr/lib/../lib -L/usr/lib/gcc/x86_64-linux-gnu/8/../../.. CMakeFiles/cmTC_31501.dir/CMakeCCompilerABI.c.o -lgcc --push-state --as-needed -lgcc_s --pop-state -lc -lgcc --push-state --as-needed -lgcc_s --pop-state /usr/lib/gcc/x86_64-linux-gnu/8/crtendS.o /usr/lib/gcc/x86_64-linux-gnu/8/../../../x86_64-linux-gnu/crtn.o
COLLECT_GCC_OPTIONS='-v' '-rdynamic' '-o' 'cmTC_31501' '-mtune=generic' '-march=x86-64'
make[1]: 디렉터리 '/rabbitmq-c/CMakeFiles/CMakeTmp' 나감


Parsed C implicit link information from above output:
  link line regex: [^( *|.*[/\])(ld|CMAKE_LINK_STARTFILE-NOTFOUND|([^/\]+-)?ld|collect2)[^/\]*( |$)]
  ignore line: [Change Dir: /rabbitmq-c/CMakeFiles/CMakeTmp]
  ignore line: []
  ignore line: [Run Build Command:"/usr/bin/make" "cmTC_31501/fast"]
  ignore line: [/usr/bin/make -f CMakeFiles/cmTC_31501.dir/build.make CMakeFiles/cmTC_31501.dir/build]
  ignore line: [make[1]: 디렉터리 '/rabbitmq-c/CMakeFiles/CMakeTmp' 들어감]
  ignore line: [Building C object CMakeFiles/cmTC_31501.dir/CMakeCCompilerABI.c.o]
  ignore line: [/usr/bin/cc    -o CMakeFiles/cmTC_31501.dir/CMakeCCompilerABI.c.o   -c /usr/share/cmake-3.13/Modules/CMakeCCompilerABI.c]
  ignore line: [Linking C executable cmTC_31501]
  ignore line: [/usr/bin/cmake -E cmake_link_script CMakeFiles/cmTC_31501.dir/link.txt --verbose=1]
  ignore line: [/usr/bin/cc     -v -rdynamic CMakeFiles/cmTC_31501.dir/CMakeCCompilerABI.c.o  -o cmTC_31501 ]
  ignore line: [Using built-in specs.]
  ignore line: [COLLECT_GCC=/usr/bin/cc]
  ignore line: [COLLECT_LTO_WRAPPER=/usr/lib/gcc/x86_64-linux-gnu/8/lto-wrapper]
  ignore line: [OFFLOAD_TARGET_NAMES=nvptx-none]
  ignore line: [OFFLOAD_TARGET_DEFAULT=1]
  ignore line: [Target: x86_64-linux-gnu]
  ignore line: [Configured with: ../src/configure -v --with-pkgversion='Debian 8.3.0-6' --with-bugurl=file:///usr/share/doc/gcc-8/README.Bugs --enable-languages=c,ada,c++,go,brig,d,fortran,objc,obj-c++ --prefix=/usr --with-gcc-major-version-only --program-suffix=-8 --program-prefix=x86_64-linux-gnu- --enable-shared --enable-linker-build-id --libexecdir=/usr/lib --without-included-gettext --enable-threads=posix --libdir=/usr/lib --enable-nls --enable-bootstrap --enable-clocale=gnu --enable-libstdcxx-debug --enable-libstdcxx-time=yes --with-default-libstdcxx-abi=new --enable-gnu-unique-object --disable-vtable-verify --enable-libmpx --enable-plugin --enable-default-pie --with-system-zlib --with-target-system-zlib --enable-objc-gc=auto --enable-multiarch --disable-werror --with-arch-32=i686 --with-abi=m64 --with-multilib-list=m32,m64,mx32 --enable-multilib --with-tune=generic --enable-offload-targets=nvptx-none --without-cuda-driver --enable-checking=release --build=x86_64-linux-gnu --host=x86_64-linux-gnu --target=x86_64-linux-gnu]
  ignore line: [Thread model: posix]
  ignore line: [gcc version 8.3.0 (Debian 8.3.0-6) ]
  ignore line: [COMPILER_PATH=/usr/lib/gcc/x86_64-linux-gnu/8/:/usr/lib/gcc/x86_64-linux-gnu/8/:/usr/lib/gcc/x86_64-linux-gnu/:/usr/lib/gcc/x86_64-linux-gnu/8/:/usr/lib/gcc/x86_64-linux-gnu/]
  ignore line: [LIBRARY_PATH=/usr/lib/gcc/x86_64-linux-gnu/8/:/usr/lib/gcc/x86_64-linux-gnu/8/../../../x86_64-linux-gnu/:/usr/lib/gcc/x86_64-linux-gnu/8/../../../../lib/:/lib/x86_64-linux-gnu/:/lib/../lib/:/usr/lib/x86_64-linux-gnu/:/usr/lib/../lib/:/usr/lib/gcc/x86_64-linux-gnu/8/../../../:/lib/:/usr/lib/]
  ignore line: [COLLECT_GCC_OPTIONS='-v' '-rdynamic' '-o' 'cmTC_31501' '-mtune=generic' '-march=x86-64']
  link line: [ /usr/lib/gcc/x86_64-linux-gnu/8/collect2 -plugin /usr/lib/gcc/x86_64-linux-gnu/8/liblto_plugin.so -plugin-opt=/usr/lib/gcc/x86_64-linux-gnu/8/lto-wrapper -plugin-opt=-fresolution=/tmp/cceO4lux.res -plugin-opt=-pass-through=-lgcc -plugin-opt=-pass-through=-lgcc_s -plugin-opt=-pass-through=-lc -plugin-opt=-pass-through=-lgcc -plugin-opt=-pass-through=-lgcc_s --build-id --eh-frame-hdr -m elf_x86_64 --hash-style=gnu -export-dynamic -dynamic-linker /lib64/ld-linux-x86-64.so.2 -pie -o cmTC_31501 /usr/lib/gcc/x86_64-linux-gnu/8/../../../x86_64-linux-gnu/Scrt1.o /usr/lib/gcc/x86_64-linux-gnu/8/../../../x86_64-linux-gnu/crti.o /usr/lib/gcc/x86_64-linux-gnu/8/crtbeginS.o -L/usr/lib/gcc/x86_64-linux-gnu/8 -L/usr/lib/gcc/x86_64-linux-gnu/8/../../../x86_64-linux-gnu -L/usr/lib/gcc/x86_64-linux-gnu/8/../../../../lib -L/lib/x86_64-linux-gnu -L/lib/../lib -L/usr/lib/x86_64-linux-gnu -L/usr/lib/../lib -L/usr/lib/gcc/x86_64-linux-gnu/8/../../.. CMakeFiles/cmTC_31501.dir/CMakeCCompilerABI.c.o -lgcc --push-state --as-needed -lgcc_s --pop-state -lc -lgcc --push-state --as-needed -lgcc_s --pop-state /usr/lib/gcc/x86_64-linux-gnu/8/crtendS.o /usr/lib/gcc/x86_64-linux-gnu/8/../../../x86_64-linux-gnu/crtn.o]
    arg [/usr/lib/gcc/x86_64-linux-gnu/8/collect2] ==> ignore
    arg [-plugin] ==> ignore
    arg [/usr/lib/gcc/x86_64-linux-gnu/8/liblto_plugin.so] ==> ignore
    arg [-plugin-opt=/usr/lib/gcc/x86_64-linux-gnu/8/lto-wrapper] ==> ignore
    arg [-plugin-opt=-fresolution=/tmp/cceO4lux.res] ==> ignore
    arg [-plugin-opt=-pass-through=-lgcc] ==> ignore
    arg [-plugin-opt=-pass-through=-lgcc_s] ==> ignore
    arg [-plugin-opt=-pass-through=-lc] ==> ignore
    arg [-plugin-opt=-pass-through=-lgcc] ==> ignore
    arg [-plugin-opt=-pass-through=-lgcc_s] ==> ignore
    arg [--build-id] ==> ignore
    arg [--eh-frame-hdr] ==> ignore
    arg [-m] ==> ignore
    arg [elf_x86_64] ==> ignore
    arg [--hash-style=gnu] ==> ignore
    arg [-export-dynamic] ==> ignore
    arg [-dynamic-linker] ==> ignore
    arg [/lib64/ld-linux-x86-64.so.2] ==> ignore
    arg [-pie] ==> ignore
    arg [-o] ==> ignore
    arg [cmTC_31501] ==> ignore
    arg [/usr/lib/gcc/x86_64-linux-gnu/8/../../../x86_64-linux-gnu/Scrt1.o] ==> ignore
    arg [/usr/lib/gcc/x86_64-linux-gnu/8/../../../x86_64-linux-gnu/crti.o] ==> ignore
    arg [/usr/lib/gcc/x86_64-linux-gnu/8/crtbeginS.o] ==> ignore
    arg [-L/usr/lib/gcc/x86_64-linux-gnu/8] ==> dir [/usr/lib/gcc/x86_64-linux-gnu/8]
    arg [-L/usr/lib/gcc/x86_64-linux-gnu/8/../../../x86_64-linux-gnu] ==> dir [/usr/lib/gcc/x86_64-linux-gnu/8/../../../x86_64-linux-gnu]
    arg [-L/usr/lib/gcc/x86_64-linux-gnu/8/../../../../lib] ==> dir [/usr/lib/gcc/x86_64-linux-gnu/8/../../../../lib]
    arg [-L/lib/x86_64-linux-gnu] ==> dir [/lib/x86_64-linux-gnu]
    arg [-L/lib/../lib] ==> dir [/lib/../lib]
    arg [-L/usr/lib/x86_64-linux-gnu] ==> dir [/usr/lib/x86_64-linux-gnu]
    arg [-L/usr/lib/../lib] ==> dir [/usr/lib/../lib]
    arg [-L/usr/lib/gcc/x86_64-linux-gnu/8/../../..] ==> dir [/usr/lib/gcc/x86_64-linux-gnu/8/../../..]
    arg [CMakeFiles/cmTC_31501.dir/CMakeCCompilerABI.c.o] ==> ignore
    arg [-lgcc] ==> lib [gcc]
    arg [--push-state] ==> ignore
    arg [--as-needed] ==> ignore
    arg [-lgcc_s] ==> lib [gcc_s]
    arg [--pop-state] ==> ignore
    arg [-lc] ==> lib [c]
    arg [-lgcc] ==> lib [gcc]
    arg [--push-state] ==> ignore
    arg [--as-needed] ==> ignore
    arg [-lgcc_s] ==> lib [gcc_s]
    arg [--pop-state] ==> ignore
    arg [/usr/lib/gcc/x86_64-linux-gnu/8/crtendS.o] ==> ignore
    arg [/usr/lib/gcc/x86_64-linux-gnu/8/../../../x86_64-linux-gnu/crtn.o] ==> ignore
  collapse library dir [/usr/lib/gcc/x86_64-linux-gnu/8] ==> [/usr/lib/gcc/x86_64-linux-gnu/8]
  collapse library dir [/usr/lib/gcc/x86_64-linux-gnu/8/../../../x86_64-linux-gnu] ==> [/usr/lib/x86_64-linux-gnu]
  collapse library dir [/usr/lib/gcc/x86_64-linux-gnu/8/../../../../lib] ==> [/usr/lib]
  collapse library dir [/lib/x86_64-linux-gnu] ==> [/lib/x86_64-linux-gnu]
  collapse library dir [/lib/../lib] ==> [/lib]
  collapse library dir [/usr/lib/x86_64-linux-gnu] ==> [/usr/lib/x86_64-linux-gnu]
  collapse library dir [/usr/lib/../lib] ==> [/usr/lib]
  collapse library dir [/usr/lib/gcc/x86_64-linux-gnu/8/../../..] ==> [/usr/lib]
  implicit libs: [gcc;gcc_s;c;gcc;gcc_s]
  implicit dirs: [/usr/lib/gcc/x86_64-linux-gnu/8;/usr/lib/x86_64-linux-gnu;/usr/lib;/lib/x86_64-linux-gnu;/lib]
  implicit fwks: []




Detecting C [-std=c11] compiler features compiled with the following output:
Change Dir: /rabbitmq-c/CMakeFiles/CMakeTmp

Run Build Command:"/usr/bin/make" "cmTC_1dda9/fast"
/usr/bin/make -f CMakeFiles/cmTC_1dda9.dir/build.make CMakeFiles/cmTC_1dda9.dir/build
make[1]: 디렉터리 '/rabbitmq-c/CMakeFiles/CMakeTmp' 들어감
Building C object CMakeFiles/cmTC_1dda9.dir/feature_tests.c.o
/usr/bin/cc   -std=c11 -o CMakeFiles/cmTC_1dda9.dir/feature_tests.c.o   -c /rabbitmq-c/CMakeFiles/feature_tests.c
Linking C executable cmTC_1dda9
/usr/bin/cmake -E cmake_link_script CMakeFiles/cmTC_1dda9.dir/link.txt --verbose=1
/usr/bin/cc      -rdynamic CMakeFiles/cmTC_1dda9.dir/feature_tests.c.o  -o cmTC_1dda9 
make[1]: 디렉터리 '/rabbitmq-c/CMakeFiles/CMakeTmp' 나감


    Feature record: C_FEATURE:1c_function_prototypes
    Feature record: C_FEATURE:1c_restrict
    Feature record: C_FEATURE:1c_static_assert
    Feature record: C_FEATURE:1c_variadic_macros


Detecting C [-std=c99] compiler features compiled with the following output:
Change Dir: /rabbitmq-c/CMakeFiles/CMakeTmp

Run Build Command:"/usr/bin/make" "cmTC_7efc1/fast"
/usr/bin/make -f CMakeFiles/cmTC_7efc1.dir/build.make CMakeFiles/cmTC_7efc1.dir/build
make[1]: 디렉터리 '/rabbitmq-c/CMakeFiles/CMakeTmp' 들어감
Building C object CMakeFiles/cmTC_7efc1.dir/feature_tests.c.o
/usr/bin/cc   -std=c99 -o CMakeFiles/cmTC_7efc1.dir/feature_tests.c.o   -c /rabbitmq-c/CMakeFiles/feature_tests.c
Linking C executable cmTC_7efc1
/usr/bin/cmake -E cmake_link_script CMakeFiles/cmTC_7efc1.dir/link.txt --verbose=1
/usr/bin/cc      -rdynamic CMakeFiles/cmTC_7efc1.dir/feature_tests.c.o  -o cmTC_7efc1 
make[1]: 디렉터리 '/rabbitmq-c/CMakeFiles/CMakeTmp' 나감


    Feature record: C_FEATURE:1c_function_prototypes
    Feature record: C_FEATURE:1c_restrict
    Feature record: C_FEATURE:0c_static_assert
    Feature record: C_FEATURE:1c_variadic_macros


Detecting C [-std=c90] compiler features compiled with the following output:
Change Dir: /rabbitmq-c/CMakeFiles/CMakeTmp

Run Build Command:"/usr/bin/make" "cmTC_064a1/fast"
/usr/bin/make -f CMakeFiles/cmTC_064a1.dir/build.make CMakeFiles/cmTC_064a1.dir/build
make[1]: 디렉터리 '/rabbitmq-c/CMakeFiles/CMakeTmp' 들어감
Building C object CMakeFiles/cmTC_064a1.dir/feature_tests.c.o
/usr/bin/cc   -std=c90 -o CMakeFiles/cmTC_064a1.dir/feature_tests.c.o   -c /rabbitmq-c/CMakeFiles/feature_tests.c
Linking C executable cmTC_064a1
/usr/bin/cmake -E cmake_link_script CMakeFiles/cmTC_064a1.dir/link.txt --verbose=1
/usr/bin/cc      -rdynamic CMakeFiles/cmTC_064a1.dir/feature_tests.c.o  -o cmTC_064a1 
make[1]: 디렉터리 '/rabbitmq-c/CMakeFiles/CMakeTmp' 나감


    Feature record: C_FEATURE:1c_function_prototypes
    Feature record: C_FEATURE:0c_restrict
    Feature record: C_FEATURE:0c_static_assert
    Feature record: C_FEATURE:0c_variadic_macros
Determining if the getaddrinfo exist passed with the following output:
Change Dir: /rabbitmq-c/CMakeFiles/CMakeTmp

Run Build Command:"/usr/bin/make" "cmTC_44014/fast"
/usr/bin/make -f CMakeFiles/cmTC_44014.dir/build.make CMakeFiles/cmTC_44014.dir/build
make[1]: 디렉터리 '/rabbitmq-c/CMakeFiles/CMakeTmp' 들어감
Building C object CMakeFiles/cmTC_44014.dir/CheckSymbolExists.c.o
/usr/bin/cc    -o CMakeFiles/cmTC_44014.dir/CheckSymbolExists.c.o   -c /rabbitmq-c/CMakeFiles/CMakeTmp/CheckSymbolExists.c
Linking C executable cmTC_44014
/usr/bin/cmake -E cmake_link_script CMakeFiles/cmTC_44014.dir/link.txt --verbose=1
/usr/bin/cc      -rdynamic CMakeFiles/cmTC_44014.dir/CheckSymbolExists.c.o  -o cmTC_44014 
make[1]: 디렉터리 '/rabbitmq-c/CMakeFiles/CMakeTmp' 나감

File /rabbitmq-c/CMakeFiles/CMakeTmp/CheckSymbolExists.c:
/* */
#include <sys/types.h>
#include <sys/socket.h>
#include <netdb.h>

int main(int argc, char** argv)
{
  (void)argv;
#ifndef getaddrinfo
  return ((int*)(&getaddrinfo))[argc];
#else
  (void)argc;
  return 0;
#endif
}

Determining if the socket exist passed with the following output:
Change Dir: /rabbitmq-c/CMakeFiles/CMakeTmp

Run Build Command:"/usr/bin/make" "cmTC_cc788/fast"
/usr/bin/make -f CMakeFiles/cmTC_cc788.dir/build.make CMakeFiles/cmTC_cc788.dir/build
make[1]: 디렉터리 '/rabbitmq-c/CMakeFiles/CMakeTmp' 들어감
Building C object CMakeFiles/cmTC_cc788.dir/CheckSymbolExists.c.o
/usr/bin/cc    -o CMakeFiles/cmTC_cc788.dir/CheckSymbolExists.c.o   -c /rabbitmq-c/CMakeFiles/CMakeTmp/CheckSymbolExists.c
Linking C executable cmTC_cc788
/usr/bin/cmake -E cmake_link_script CMakeFiles/cmTC_cc788.dir/link.txt --verbose=1
/usr/bin/cc      -rdynamic CMakeFiles/cmTC_cc788.dir/CheckSymbolExists.c.o  -o cmTC_cc788 
make[1]: 디렉터리 '/rabbitmq-c/CMakeFiles/CMakeTmp' 나감

File /rabbitmq-c/CMakeFiles/CMakeTmp/CheckSymbolExists.c:
/* */
#include <sys/types.h>
#include <sys/socket.h>

int main(int argc, char** argv)
{
  (void)argv;
#ifndef socket
  return ((int*)(&socket))[argc];
#else
  (void)argc;
  return 0;
#endif
}

Determining if the poll exist passed with the following output:
Change Dir: /rabbitmq-c/CMakeFiles/CMakeTmp

Run Build Command:"/usr/bin/make" "cmTC_90c22/fast"
/usr/bin/make -f CMakeFiles/cmTC_90c22.dir/build.make CMakeFiles/cmTC_90c22.dir/build
make[1]: 디렉터리 '/rabbitmq-c/CMakeFiles/CMakeTmp' 들어감
Building C object CMakeFiles/cmTC_90c22.dir/CheckSymbolExists.c.o
/usr/bin/cc    -o CMakeFiles/cmTC_90c22.dir/CheckSymbolExists.c.o   -c /rabbitmq-c/CMakeFiles/CMakeTmp/CheckSymbolExists.c
Linking C executable cmTC_90c22
/usr/bin/cmake -E cmake_link_script CMakeFiles/cmTC_90c22.dir/link.txt --verbose=1
/usr/bin/cc      -rdynamic CMakeFiles/cmTC_90c22.dir/CheckSymbolExists.c.o  -o cmTC_90c22 
make[1]: 디렉터리 '/rabbitmq-c/CMakeFiles/CMakeTmp' 나감

File /rabbitmq-c/CMakeFiles/CMakeTmp/CheckSymbolExists.c:
/* */
#include <poll.h>

int main(int argc, char** argv)
{
  (void)argv;
#ifndef poll
  return ((int*)(&poll))[argc];
#else
  (void)argc;
  return 0;
#endif
}

Determining if the function clock_gettime exists in the rt passed with the following output:
Change Dir: /rabbitmq-c/CMakeFiles/CMakeTmp

Run Build Command:"/usr/bin/make" "cmTC_44443/fast"
/usr/bin/make -f CMakeFiles/cmTC_44443.dir/build.make CMakeFiles/cmTC_44443.dir/build
make[1]: 디렉터리 '/rabbitmq-c/CMakeFiles/CMakeTmp' 들어감
Building C object CMakeFiles/cmTC_44443.dir/CheckFunctionExists.c.o
/usr/bin/cc   -DCHECK_FUNCTION_EXISTS=clock_gettime   -o CMakeFiles/cmTC_44443.dir/CheckFunctionExists.c.o   -c /usr/share/cmake-3.13/Modules/CheckFunctionExists.c
Linking C executable cmTC_44443
/usr/bin/cmake -E cmake_link_script CMakeFiles/cmTC_44443.dir/link.txt --verbose=1
/usr/bin/cc  -DCHECK_FUNCTION_EXISTS=clock_gettime    -rdynamic CMakeFiles/cmTC_44443.dir/CheckFunctionExists.c.o  -o cmTC_44443  -L/rabbitmq-c/CMakeFiles/CMakeTmp/time.h -Wl,-rpath,/rabbitmq-c/CMakeFiles/CMakeTmp/time.h -lrt 
make[1]: 디렉터리 '/rabbitmq-c/CMakeFiles/CMakeTmp' 나감


Determining if the function posix_spawnp exists in the rt passed with the following output:
Change Dir: /rabbitmq-c/CMakeFiles/CMakeTmp

Run Build Command:"/usr/bin/make" "cmTC_33f24/fast"
/usr/bin/make -f CMakeFiles/cmTC_33f24.dir/build.make CMakeFiles/cmTC_33f24.dir/build
make[1]: 디렉터리 '/rabbitmq-c/CMakeFiles/CMakeTmp' 들어감
Building C object CMakeFiles/cmTC_33f24.dir/CheckFunctionExists.c.o
/usr/bin/cc   -DCHECK_FUNCTION_EXISTS=posix_spawnp   -o CMakeFiles/cmTC_33f24.dir/CheckFunctionExists.c.o   -c /usr/share/cmake-3.13/Modules/CheckFunctionExists.c
Linking C executable cmTC_33f24
/usr/bin/cmake -E cmake_link_script CMakeFiles/cmTC_33f24.dir/link.txt --verbose=1
/usr/bin/cc  -DCHECK_FUNCTION_EXISTS=posix_spawnp    -rdynamic CMakeFiles/cmTC_33f24.dir/CheckFunctionExists.c.o  -o cmTC_33f24  -L/rabbitmq-c/CMakeFiles/CMakeTmp/spawn.h -Wl,-rpath,/rabbitmq-c/CMakeFiles/CMakeTmp/spawn.h -lrt 
make[1]: 디렉터리 '/rabbitmq-c/CMakeFiles/CMakeTmp' 나감


Determining if the include file pthread.h exists passed with the following output:
Change Dir: /rabbitmq-c/CMakeFiles/CMakeTmp

Run Build Command:"/usr/bin/make" "cmTC_ebe57/fast"
/usr/bin/make -f CMakeFiles/cmTC_ebe57.dir/build.make CMakeFiles/cmTC_ebe57.dir/build
make[1]: 디렉터리 '/rabbitmq-c/CMakeFiles/CMakeTmp' 들어감
Building C object CMakeFiles/cmTC_ebe57.dir/CheckIncludeFile.c.o
/usr/bin/cc    -o CMakeFiles/cmTC_ebe57.dir/CheckIncludeFile.c.o   -c /rabbitmq-c/CMakeFiles/CMakeTmp/CheckIncludeFile.c
Linking C executable cmTC_ebe57
/usr/bin/cmake -E cmake_link_script CMakeFiles/cmTC_ebe57.dir/link.txt --verbose=1
/usr/bin/cc      -rdynamic CMakeFiles/cmTC_ebe57.dir/CheckIncludeFile.c.o  -o cmTC_ebe57 
make[1]: 디렉터리 '/rabbitmq-c/CMakeFiles/CMakeTmp' 나감


Performing C SOURCE FILE Test HAVE_GNU90 succeeded with the following output:
Change Dir: /rabbitmq-c/CMakeFiles/CMakeTmp

Run Build Command:"/usr/bin/make" "cmTC_2bb01/fast"
/usr/bin/make -f CMakeFiles/cmTC_2bb01.dir/build.make CMakeFiles/cmTC_2bb01.dir/build
make[1]: Entering directory '/rabbitmq-c/CMakeFiles/CMakeTmp'
Building C object CMakeFiles/cmTC_2bb01.dir/src.c.o
/usr/bin/cc   -Wall -Wextra -Wstrict-prototypes -Wno-unused-function -fno-common -fvisibility=hidden  -DHAVE_GNU90   -std=gnu90 -o CMakeFiles/cmTC_2bb01.dir/src.c.o   -c /rabbitmq-c/CMakeFiles/CMakeTmp/src.c
Linking C executable cmTC_2bb01
/usr/bin/cmake -E cmake_link_script CMakeFiles/cmTC_2bb01.dir/link.txt --verbose=1
/usr/bin/cc -Wall -Wextra -Wstrict-prototypes -Wno-unused-function -fno-common -fvisibility=hidden  -DHAVE_GNU90    -rdynamic CMakeFiles/cmTC_2bb01.dir/src.c.o  -o cmTC_2bb01 
make[1]: Leaving directory '/rabbitmq-c/CMakeFiles/CMakeTmp'

Source file was:
int main(void) { return 0; }
